<?xml version="1.0" encoding="UTF-8" standalone="no"?>
<h:execution xmlns:h="https://schemas.opentest4j.org/reporting/hierarchy/0.2.0"
             xmlns="https://schemas.opentest4j.org/reporting/core/0.2.0">
    <infrastructure>
        <hostName>wonderland</hostName>
        <userName>alice</userName>
    </infrastructure>
    <h:root duration="PT0.013404S" name="container" start="2022-02-05T16:30:39.129888Z">
        <result status="SUCCESSFUL"/>
        <h:child duration="PT0.005991S" name="test" start="2022-02-05T16:30:39.137022Z">
            <result status="SUCCESSFUL"/>
        </h:child>
    </h:root>
</h:execution>
