<?xml version="1.0" ?>
<e:events
        xmlns="https://schemas.opentest4j.org/reporting/core/0.2.0"
        xmlns:e="https://schemas.opentest4j.org/reporting/events/0.2.0">
    <infrastructure>
        <hostName>wonderland</hostName>
        <userName>alice</userName>
    </infrastructure>
    <e:started id="1" name="container" time="2022-02-05T16:30:39.129888Z"/>
    <e:started id="2" name="test" parentId="1" time="2022-02-05T16:30:39.137022Z"/>
    <e:finished id="2" time="2022-02-05T16:30:39.143013Z">
        <result status="SUCCESSFUL"/>
    </e:finished>
    <e:finished id="1" time="2022-02-05T16:30:39.143292Z">
        <result status="SUCCESSFUL"/>
    </e:finished>
</e:events>
